folder_test/app/build/intermediates/manifest_merge_blame_file/debug/manifest-merger-blame-debug-report.txt
1<?xml version="1.0" encoding="utf-8"?>
2<manifest xmlns:android="http://schemas.android.com/apk/res/android"
3    package="com.example.listening_eye"
4    android:versionCode="1"
5    android:versionName="1.0" >
6
7    <uses-sdk
8        android:minSdkVersion="26"
8-->src/main/AndroidManifest.xml
9        android:targetSdkVersion="31" />
9-->src/main/AndroidManifest.xml
10
11    <uses-permission android:name="android.permission.BLUETOOTH" />
11-->src/main/AndroidManifest.xml:6:5-68
11-->src/main/AndroidManifest.xml:6:22-65
12    <uses-permission android:name="android.permission.BLUETOOTH_ADMIN" />
12-->src/main/AndroidManifest.xml:7:5-74
12-->src/main/AndroidManifest.xml:7:22-71
13    <uses-permission android:name="android.permission.RECORD_AUDIO" />
13-->src/main/AndroidManifest.xml:8:5-71
13-->src/main/AndroidManifest.xml:8:22-68
14    <uses-permission android:name="android.permission.WRITE_EXTERNAL_STORAGE" />
14-->src/main/AndroidManifest.xml:9:5-81
14-->src/main/AndroidManifest.xml:9:22-78
15    <uses-permission android:name="android.permission.READ_EXTERNAL_STORAGE" />
15-->src/main/AndroidManifest.xml:10:5-80
15-->src/main/AndroidManifest.xml:10:22-77
16    <uses-permission android:name="android.permission.INTERNET" />
16-->src/main/AndroidManifest.xml:11:5-67
16-->src/main/AndroidManifest.xml:11:22-64
17
18    <application
18-->src/main/AndroidManifest.xml:13:5-51:19
19        android:allowBackup="true"
19-->src/main/AndroidManifest.xml:14:9-35
20        android:appComponentFactory="androidx.core.app.CoreComponentFactory"
20-->[androidx.core:core:1.5.0] AndroidManifest.xml:24:18-86
21        android:debuggable="true"
22        android:extractNativeLibs="false"
23        android:icon="@mipmap/ic_launcher"
23-->src/main/AndroidManifest.xml:15:9-43
24        android:label="@string/app_name"
24-->src/main/AndroidManifest.xml:16:9-41
25        android:roundIcon="@mipmap/ic_launcher_round"
25-->src/main/AndroidManifest.xml:17:9-54
26        android:supportsRtl="true"
26-->src/main/AndroidManifest.xml:18:9-35
27        android:testOnly="true"
28        android:theme="@style/Theme.Listening_Eye" >
28-->src/main/AndroidManifest.xml:19:9-51
29        <activity
29-->src/main/AndroidManifest.xml:20:9-23:45
30            android:name="com.example.listening_eye.Voice2TextKotlin"
30-->src/main/AndroidManifest.xml:21:13-45
31            android:exported="true" />
31-->src/main/AndroidManifest.xml:22:13-36
32        <activity
32-->src/main/AndroidManifest.xml:25:9-27:39
33            android:name="com.example.listening_eye.VoiceRecorder"
33-->src/main/AndroidManifest.xml:26:13-42
34            android:exported="true" />
34-->src/main/AndroidManifest.xml:27:13-36
35        <activity
35-->src/main/AndroidManifest.xml:28:9-31:62
36            android:name="com.example.listening_eye.translation"
36-->src/main/AndroidManifest.xml:29:13-40
37            android:exported="true"
37-->src/main/AndroidManifest.xml:30:13-36
38            android:parentActivityName="com.example.listening_eye.ConversationMode" />
38-->src/main/AndroidManifest.xml:31:13-59
39        <activity
39-->src/main/AndroidManifest.xml:32:9-35:62
40            android:name="com.example.listening_eye.voice2text"
40-->src/main/AndroidManifest.xml:33:13-39
41            android:exported="true"
41-->src/main/AndroidManifest.xml:34:13-36
42            android:parentActivityName="com.example.listening_eye.ConversationMode" />
42-->src/main/AndroidManifest.xml:35:13-59
43        <activity
43-->src/main/AndroidManifest.xml:36:9-38:39
44            android:name="com.example.listening_eye.ConversationMode"
44-->src/main/AndroidManifest.xml:37:13-45
45            android:exported="true" />
45-->src/main/AndroidManifest.xml:38:13-36
46        <activity
46-->src/main/AndroidManifest.xml:39:9-41:39
47            android:name="com.example.listening_eye.signup"
47-->src/main/AndroidManifest.xml:40:13-35
48            android:exported="true" />
48-->src/main/AndroidManifest.xml:41:13-36
49        <activity
49-->src/main/AndroidManifest.xml:42:9-50:20
50            android:name="com.example.listening_eye.MainActivity"
50-->src/main/AndroidManifest.xml:43:13-41
51            android:exported="true" >
51-->src/main/AndroidManifest.xml:44:13-36
52            <intent-filter>
52-->src/main/AndroidManifest.xml:45:13-49:29
53                <action android:name="android.intent.action.MAIN" />
53-->src/main/AndroidManifest.xml:46:17-69
53-->src/main/AndroidManifest.xml:46:25-66
54
55                <category android:name="android.intent.category.LAUNCHER" />
55-->src/main/AndroidManifest.xml:48:17-77
55-->src/main/AndroidManifest.xml:48:27-74
56            </intent-filter>
57        </activity>
58
59        <provider
59-->[androidx.lifecycle:lifecycle-process:2.0.0] AndroidManifest.xml:23:9-27:43
60            android:name="androidx.lifecycle.ProcessLifecycleOwnerInitializer"
60-->[androidx.lifecycle:lifecycle-process:2.0.0] AndroidManifest.xml:24:13-79
61            android:authorities="com.example.listening_eye.lifecycle-process"
61-->[androidx.lifecycle:lifecycle-process:2.0.0] AndroidManifest.xml:25:13-69
62            android:exported="false"
62-->[androidx.lifecycle:lifecycle-process:2.0.0] AndroidManifest.xml:26:13-37
63            android:multiprocess="true" />
63-->[androidx.lifecycle:lifecycle-process:2.0.0] AndroidManifest.xml:27:13-40
64    </application>
65
66</manifest>